c:\alar_work\firms\sergmihai\elastichandler\elastichandler\x64\debug\vc143.pdb
c:\alar_work\firms\sergmihai\elastichandler\elastichandler\x64\debug\vc143.idb
c:\alar_work\firms\sergmihai\elastichandler\elastichandler\x64\debug\support.obj
c:\alar_work\firms\sergmihai\elastichandler\elastichandler\x64\debug\elastichandler.obj
c:\alar_work\firms\sergmihai\elastichandler\elastichandler\x64\debug\elastic.obj
c:\alar_work\firms\sergmihai\elastichandler\x64\debug\libcurl.lib
c:\alar_work\firms\sergmihai\elastichandler\x64\debug\elastichandler.exe
c:\alar_work\firms\sergmihai\elastichandler\x64\debug\elastichandler.pdb
c:\alar_work\firms\sergmihai\elastichandler\elastichandler\x64\debug\elastichandler.ilk
c:\alar_work\firms\sergmihai\elastichandler\elastichandler\x64\debug\elastichandler.tlog\cl.command.1.tlog
c:\alar_work\firms\sergmihai\elastichandler\elastichandler\x64\debug\elastichandler.tlog\cl.items.tlog
c:\alar_work\firms\sergmihai\elastichandler\elastichandler\x64\debug\elastichandler.tlog\cl.read.1.tlog
c:\alar_work\firms\sergmihai\elastichandler\elastichandler\x64\debug\elastichandler.tlog\cl.write.1.tlog
c:\alar_work\firms\sergmihai\elastichandler\elastichandler\x64\debug\elastichandler.tlog\copyfile.command.1.tlog
c:\alar_work\firms\sergmihai\elastichandler\elastichandler\x64\debug\elastichandler.tlog\copyfile.read.1.tlog
c:\alar_work\firms\sergmihai\elastichandler\elastichandler\x64\debug\elastichandler.tlog\copyfile.write.1.tlog
c:\alar_work\firms\sergmihai\elastichandler\elastichandler\x64\debug\elastichandler.tlog\link.command.1.tlog
c:\alar_work\firms\sergmihai\elastichandler\elastichandler\x64\debug\elastichandler.tlog\link.read.1.tlog
c:\alar_work\firms\sergmihai\elastichandler\elastichandler\x64\debug\elastichandler.tlog\link.secondary.1.tlog
c:\alar_work\firms\sergmihai\elastichandler\elastichandler\x64\debug\elastichandler.tlog\link.write.1.tlog
